2022-06-01 17:54:37 ERROR  --- [http-nio-8080-exec-1] c.e.J.c.Test2Controller : test2
2022-06-01 17:54:59 ERROR  --- [http-nio-8080-exec-2] c.e.J.c.Test1Controller : test1
2022-06-01 17:55:48 ERROR  --- [http-nio-8080-exec-1] c.e.J.c.Test1Controller : test1
2022-06-01 17:59:20 ERROR  --- [http-nio-8080-exec-1] c.e.J.c.Test1Controller : test1
2022-06-01 18:00:01 ERROR  --- [restartedMain] o.s.b.d.LoggingFailureAnalysisReporter : 

***************************
APPLICATION FAILED TO START
***************************

Description:

Failed to bind properties under 'logging.level.com.example.javafeatures' to org.springframework.boot.logging.LogLevel:

    Property: logging.level.com.example.javafeatures
    Value: ERROR,INFO
    Origin: class path resource [application.properties] - 5:41
    Reason: failed to convert java.lang.String to org.springframework.boot.logging.LogLevel (caused by java.lang.IllegalArgumentException: No enum constant org.springframework.boot.logging.LogLevel.ERROR,INFO)

Action:

Update your application's configuration. The following values are valid:

    DEBUG
    ERROR
    FATAL
    INFO
    OFF
    TRACE
    WARN

2022-06-01 18:00:27 INFO   --- [restartedMain] c.e.J.JavaFeaturesApplication : Starting JavaFeaturesApplication using Java 11.0.7 on DESKTOP-D8RDEF0 with PID 4284 (D:\Project\spring boot new project\javaFeatures\target\classes started by rashe in D:\Project\spring boot new project\javaFeatures)
2022-06-01 18:00:27 INFO   --- [restartedMain] c.e.J.JavaFeaturesApplication : No active profile set, falling back to 1 default profile: "default"
2022-06-01 18:00:28 INFO   --- [restartedMain] c.e.J.JavaFeaturesApplication : Started JavaFeaturesApplication in 2.368 seconds (JVM running for 3.955)
2022-06-01 18:19:16 ERROR  --- [restartedMain] o.s.b.SpringApplication : Application run failed
java.lang.IllegalStateException: java.lang.IllegalStateException: Logback configuration error detected: 
ERROR in ch.qos.logback.core.joran.action.AppenderRefAction - Could not find an appender named [Console]. Did you define it below instead of above in the configuration file?
ERROR in ch.qos.logback.core.joran.action.AppenderRefAction - See http://logback.qos.ch/codes.html#appender_order for more details.
ERROR in ch.qos.logback.core.joran.action.AppenderRefAction - Could not find an appender named [Console]. Did you define it below instead of above in the configuration file?
ERROR in ch.qos.logback.core.joran.action.AppenderRefAction - See http://logback.qos.ch/codes.html#appender_order for more details.
	at org.springframework.boot.context.logging.LoggingApplicationListener.initializeSystem(LoggingApplicationListener.java:328)
	at org.springframework.boot.context.logging.LoggingApplicationListener.initialize(LoggingApplicationListener.java:282)
	at org.springframework.boot.context.logging.LoggingApplicationListener.onApplicationEnvironmentPreparedEvent(LoggingApplicationListener.java:240)
	at org.springframework.boot.context.logging.LoggingApplicationListener.onApplicationEvent(LoggingApplicationListener.java:216)
	at org.springframework.context.event.SimpleApplicationEventMulticaster.doInvokeListener(SimpleApplicationEventMulticaster.java:176)
	at org.springframework.context.event.SimpleApplicationEventMulticaster.invokeListener(SimpleApplicationEventMulticaster.java:169)
	at org.springframework.context.event.SimpleApplicationEventMulticaster.multicastEvent(SimpleApplicationEventMulticaster.java:143)
	at org.springframework.context.event.SimpleApplicationEventMulticaster.multicastEvent(SimpleApplicationEventMulticaster.java:131)
	at org.springframework.boot.context.event.EventPublishingRunListener.environmentPrepared(EventPublishingRunListener.java:85)
	at org.springframework.boot.SpringApplicationRunListeners.lambda$environmentPrepared$2(SpringApplicationRunListeners.java:66)
	at java.base/java.util.ArrayList.forEach(ArrayList.java:1540)
	at org.springframework.boot.SpringApplicationRunListeners.doWithListeners(SpringApplicationRunListeners.java:120)
	at org.springframework.boot.SpringApplicationRunListeners.doWithListeners(SpringApplicationRunListeners.java:114)
	at org.springframework.boot.SpringApplicationRunListeners.environmentPrepared(SpringApplicationRunListeners.java:65)
	at org.springframework.boot.SpringApplication.prepareEnvironment(SpringApplication.java:339)
	at org.springframework.boot.SpringApplication.run(SpringApplication.java:297)
	at org.springframework.boot.SpringApplication.run(SpringApplication.java:1312)
	at org.springframework.boot.SpringApplication.run(SpringApplication.java:1301)
	at com.example.JavaFeatures.JavaFeaturesApplication.main(JavaFeaturesApplication.java:12)
	at java.base/jdk.internal.reflect.NativeMethodAccessorImpl.invoke0(Native Method)
	at java.base/jdk.internal.reflect.NativeMethodAccessorImpl.invoke(NativeMethodAccessorImpl.java:62)
	at java.base/jdk.internal.reflect.DelegatingMethodAccessorImpl.invoke(DelegatingMethodAccessorImpl.java:43)
	at java.base/java.lang.reflect.Method.invoke(Method.java:566)
	at org.springframework.boot.devtools.restart.RestartLauncher.run(RestartLauncher.java:49)
Caused by: java.lang.IllegalStateException: Logback configuration error detected: 
ERROR in ch.qos.logback.core.joran.action.AppenderRefAction - Could not find an appender named [Console]. Did you define it below instead of above in the configuration file?
ERROR in ch.qos.logback.core.joran.action.AppenderRefAction - See http://logback.qos.ch/codes.html#appender_order for more details.
ERROR in ch.qos.logback.core.joran.action.AppenderRefAction - Could not find an appender named [Console]. Did you define it below instead of above in the configuration file?
ERROR in ch.qos.logback.core.joran.action.AppenderRefAction - See http://logback.qos.ch/codes.html#appender_order for more details.
	at org.springframework.boot.logging.logback.LogbackLoggingSystem.loadConfiguration(LogbackLoggingSystem.java:179)
	at org.springframework.boot.logging.AbstractLoggingSystem.initializeWithConventions(AbstractLoggingSystem.java:80)
	at org.springframework.boot.logging.AbstractLoggingSystem.initialize(AbstractLoggingSystem.java:60)
	at org.springframework.boot.logging.logback.LogbackLoggingSystem.initialize(LogbackLoggingSystem.java:132)
	at org.springframework.boot.context.logging.LoggingApplicationListener.initializeSystem(LoggingApplicationListener.java:313)
	... 23 common frames omitted
2022-06-01 18:19:27 INFO   --- [restartedMain] c.e.J.JavaFeaturesApplication : Starting JavaFeaturesApplication using Java 11.0.7 on DESKTOP-D8RDEF0 with PID 14032 (D:\Project\spring boot new project\javaFeatures\target\classes started by rashe in D:\Project\spring boot new project\javaFeatures)
2022-06-01 18:19:27 INFO   --- [restartedMain] c.e.J.JavaFeaturesApplication : No active profile set, falling back to 1 default profile: "default"
2022-06-01 18:19:28 INFO   --- [restartedMain] c.e.J.JavaFeaturesApplication : Started JavaFeaturesApplication in 2.32 seconds (JVM running for 4.518)
2022-06-01 18:19:39 INFO   --- [restartedMain] c.e.J.JavaFeaturesApplication : Starting JavaFeaturesApplication using Java 11.0.7 on DESKTOP-D8RDEF0 with PID 12880 (D:\Project\spring boot new project\javaFeatures\target\classes started by rashe in D:\Project\spring boot new project\javaFeatures)
2022-06-01 18:19:39 INFO   --- [restartedMain] c.e.J.JavaFeaturesApplication : No active profile set, falling back to 1 default profile: "default"
2022-06-01 18:19:41 INFO   --- [restartedMain] c.e.J.JavaFeaturesApplication : Started JavaFeaturesApplication in 2.595 seconds (JVM running for 4.38)
2022-06-01 18:20:28 INFO   --- [restartedMain] c.e.J.JavaFeaturesApplication : Starting JavaFeaturesApplication using Java 11.0.7 on DESKTOP-D8RDEF0 with PID 7356 (D:\Project\spring boot new project\javaFeatures\target\classes started by rashe in D:\Project\spring boot new project\javaFeatures)
2022-06-01 18:20:28 INFO   --- [restartedMain] c.e.J.JavaFeaturesApplication : No active profile set, falling back to 1 default profile: "default"
2022-06-01 18:20:30 INFO   --- [restartedMain] c.e.J.JavaFeaturesApplication : Started JavaFeaturesApplication in 2.731 seconds (JVM running for 4.35)
2022-06-01 18:21:09 INFO   --- [restartedMain] c.e.J.JavaFeaturesApplication : Starting JavaFeaturesApplication using Java 11.0.7 on DESKTOP-D8RDEF0 with PID 15400 (D:\Project\spring boot new project\javaFeatures\target\classes started by rashe in D:\Project\spring boot new project\javaFeatures)
2022-06-01 18:21:09 INFO   --- [restartedMain] c.e.J.JavaFeaturesApplication : No active profile set, falling back to 1 default profile: "default"
2022-06-01 18:21:11 INFO   --- [restartedMain] c.e.J.JavaFeaturesApplication : Started JavaFeaturesApplication in 2.37 seconds (JVM running for 4.056)
2022-06-01 18:21:38 INFO   --- [restartedMain] c.e.J.JavaFeaturesApplication : Starting JavaFeaturesApplication using Java 11.0.7 on DESKTOP-D8RDEF0 with PID 5160 (D:\Project\spring boot new project\javaFeatures\target\classes started by rashe in D:\Project\spring boot new project\javaFeatures)
2022-06-01 18:21:38 INFO   --- [restartedMain] c.e.J.JavaFeaturesApplication : No active profile set, falling back to 1 default profile: "default"
2022-06-01 18:21:39 INFO   --- [restartedMain] c.e.J.JavaFeaturesApplication : Started JavaFeaturesApplication in 2.595 seconds (JVM running for 4.461)
2022-06-01 18:23:15 INFO   --- [restartedMain] c.e.J.JavaFeaturesApplication : Starting JavaFeaturesApplication using Java 11.0.7 on DESKTOP-D8RDEF0 with PID 12484 (D:\Project\spring boot new project\javaFeatures\target\classes started by rashe in D:\Project\spring boot new project\javaFeatures)
2022-06-01 18:23:15 INFO   --- [restartedMain] c.e.J.JavaFeaturesApplication : No active profile set, falling back to 1 default profile: "default"
2022-06-01 18:23:17 INFO   --- [restartedMain] c.e.J.JavaFeaturesApplication : Started JavaFeaturesApplication in 2.338 seconds (JVM running for 4.106)
2022-06-01 18:24:17 INFO   --- [restartedMain] c.e.J.JavaFeaturesApplication : Starting JavaFeaturesApplication using Java 11.0.7 on DESKTOP-D8RDEF0 with PID 8744 (D:\Project\spring boot new project\javaFeatures\target\classes started by rashe in D:\Project\spring boot new project\javaFeatures)
2022-06-01 18:24:17 INFO   --- [restartedMain] c.e.J.JavaFeaturesApplication : No active profile set, falling back to 1 default profile: "default"
2022-06-01 18:24:18 INFO   --- [restartedMain] c.e.J.JavaFeaturesApplication : Started JavaFeaturesApplication in 2.416 seconds (JVM running for 4.167)
